<?xml version="1.0" encoding="UTF-8"?>
<testsuite name="com.rpm.admin.web.HelloControllerTest" tests="2" skipped="0" failures="0" errors="0" timestamp="2022-03-10T05:39:31" hostname="rpmui-MacBookPro.local" time="0.259">
  <properties/>
  <testcase name="return_helloDto" classname="com.rpm.admin.web.HelloControllerTest" time="0.239"/>
  <testcase name="return_hello" classname="com.rpm.admin.web.HelloControllerTest" time="0.019"/>
  <system-out><![CDATA[2022-03-10 14:39:29.574  INFO 71816 --- [    Test worker] .b.t.a.w.s.WebMvcTestContextBootstrapper : Neither @ContextConfiguration nor @ContextHierarchy found for test class [com.rpm.admin.web.HelloControllerTest], using SpringBootContextLoader
2022-03-10 14:39:29.575  INFO 71816 --- [    Test worker] o.s.t.c.support.AbstractContextLoader    : Could not detect default resource locations for test class [com.rpm.admin.web.HelloControllerTest]: no resource found for suffixes {-context.xml, Context.groovy}.
2022-03-10 14:39:29.575  INFO 71816 --- [    Test worker] t.c.s.AnnotationConfigContextLoaderUtils : Could not detect default configuration classes for test class [com.rpm.admin.web.HelloControllerTest]: HelloControllerTest does not declare any static, non-private, non-final, nested classes annotated with @Configuration.
2022-03-10 14:39:29.632  INFO 71816 --- [    Test worker] .b.t.c.SpringBootTestContextBootstrapper : Found @SpringBootConfiguration com.rpm.admin.Application for test class com.rpm.admin.web.HelloControllerTest
2022-03-10 14:39:29.633  INFO 71816 --- [    Test worker] .b.t.a.w.s.WebMvcTestContextBootstrapper : Loaded default TestExecutionListener class names from location [META-INF/spring.factories]: [org.springframework.security.test.context.support.WithSecurityContextTestExecutionListener, org.springframework.security.test.context.support.ReactorContextTestExecutionListener, org.springframework.boot.test.autoconfigure.restdocs.RestDocsTestExecutionListener, org.springframework.boot.test.autoconfigure.web.client.MockRestServiceServerResetTestExecutionListener, org.springframework.boot.test.autoconfigure.web.servlet.MockMvcPrintOnlyOnFailureTestExecutionListener, org.springframework.boot.test.autoconfigure.web.servlet.WebDriverTestExecutionListener, org.springframework.boot.test.mock.mockito.MockitoTestExecutionListener, org.springframework.boot.test.mock.mockito.ResetMocksTestExecutionListener, org.springframework.test.context.web.ServletTestExecutionListener, org.springframework.test.context.support.DirtiesContextBeforeModesTestExecutionListener, org.springframework.test.context.support.DependencyInjectionTestExecutionListener, org.springframework.test.context.support.DirtiesContextTestExecutionListener, org.springframework.test.context.transaction.TransactionalTestExecutionListener, org.springframework.test.context.jdbc.SqlScriptsTestExecutionListener]
2022-03-10 14:39:29.634  INFO 71816 --- [    Test worker] .b.t.a.w.s.WebMvcTestContextBootstrapper : Using TestExecutionListeners: [org.springframework.test.context.web.ServletTestExecutionListener@17bd5ae3, org.springframework.test.context.support.DirtiesContextBeforeModesTestExecutionListener@19381785, org.springframework.boot.test.mock.mockito.MockitoTestExecutionListener@2b77ecfb, org.springframework.boot.test.autoconfigure.SpringBootDependencyInjectionTestExecutionListener@44d04005, org.springframework.test.context.support.DirtiesContextTestExecutionListener@3947603e, org.springframework.test.context.transaction.TransactionalTestExecutionListener@601accac, org.springframework.test.context.jdbc.SqlScriptsTestExecutionListener@741ee460, org.springframework.security.test.context.support.WithSecurityContextTestExecutionListener@3208528e, org.springframework.security.test.context.support.ReactorContextTestExecutionListener@30cc9261, org.springframework.boot.test.autoconfigure.restdocs.RestDocsTestExecutionListener@6054778, org.springframework.boot.test.autoconfigure.web.client.MockRestServiceServerResetTestExecutionListener@5bb8e3c, org.springframework.boot.test.autoconfigure.web.servlet.MockMvcPrintOnlyOnFailureTestExecutionListener@75d73027, org.springframework.boot.test.autoconfigure.web.servlet.WebDriverTestExecutionListener@21dceb66, org.springframework.boot.test.mock.mockito.ResetMocksTestExecutionListener@d4e46a2]

  .   ____          _            __ _ _
 /\\ / ___'_ __ _ _(_)_ __  __ _ \ \ \ \
( ( )\___ | '_ | '_| | '_ \/ _` | \ \ \ \
 \\/  ___)| |_)| | | | | || (_| |  ) ) ) )
  '  |____| .__|_| |_|_| |_\__, | / / / /
 =========|_|==============|___/=/_/_/_/
 :: Spring Boot ::        (v2.1.7.RELEASE)

2022-03-10 14:39:29.688  INFO 71816 --- [    Test worker] com.rpm.admin.web.HelloControllerTest    : Starting HelloControllerTest on rpmui-MacBookPro.local with PID 71816 (started by mac in /Users/mac/springboot-project)
2022-03-10 14:39:29.689  INFO 71816 --- [    Test worker] com.rpm.admin.web.HelloControllerTest    : No active profile set, falling back to default profiles: default
2022-03-10 14:39:30.190  INFO 71816 --- [    Test worker] o.s.s.concurrent.ThreadPoolTaskExecutor  : Initializing ExecutorService 'applicationTaskExecutor'
2022-03-10 14:39:30.247  INFO 71816 --- [    Test worker] o.s.b.a.w.s.WelcomePageHandlerMapping    : Adding welcome page template: index
2022-03-10 14:39:30.815  INFO 71816 --- [    Test worker] .s.s.UserDetailsServiceAutoConfiguration : 

Using generated security password: 73ed06dd-b6b3-4836-9b60-0517e6a7b8c4

2022-03-10 14:39:31.246  INFO 71816 --- [    Test worker] o.s.s.web.DefaultSecurityFilterChain     : Creating filter chain: any request, [org.springframework.security.web.context.request.async.WebAsyncManagerIntegrationFilter@1a60e6f1, org.springframework.security.web.context.SecurityContextPersistenceFilter@4c1cce95, org.springframework.security.web.header.HeaderWriterFilter@512ded62, org.springframework.security.web.csrf.CsrfFilter@2af989d4, org.springframework.security.web.authentication.logout.LogoutFilter@7d539906, org.springframework.security.web.authentication.UsernamePasswordAuthenticationFilter@5718437c, org.springframework.security.web.authentication.ui.DefaultLoginPageGeneratingFilter@2c08a6af, org.springframework.security.web.authentication.ui.DefaultLogoutPageGeneratingFilter@650dee18, org.springframework.security.web.authentication.www.BasicAuthenticationFilter@314ddd68, org.springframework.security.web.savedrequest.RequestCacheAwareFilter@461502ec, org.springframework.security.web.servletapi.SecurityContextHolderAwareRequestFilter@78edb1b1, org.springframework.security.web.authentication.AnonymousAuthenticationFilter@3af4c94c, org.springframework.security.web.session.SessionManagementFilter@37fc69ba, org.springframework.security.web.access.ExceptionTranslationFilter@3b3636ac, org.springframework.security.web.access.intercept.FilterSecurityInterceptor@789e783f]
2022-03-10 14:39:31.274  INFO 71816 --- [    Test worker] o.s.b.t.m.w.SpringBootMockServletContext : Initializing Spring TestDispatcherServlet ''
2022-03-10 14:39:31.274  INFO 71816 --- [    Test worker] o.s.t.web.servlet.TestDispatcherServlet  : Initializing Servlet ''
2022-03-10 14:39:31.286  INFO 71816 --- [    Test worker] o.s.t.web.servlet.TestDispatcherServlet  : Completed initialization in 11 ms
2022-03-10 14:39:31.342  INFO 71816 --- [    Test worker] com.rpm.admin.web.HelloControllerTest    : Started HelloControllerTest in 1.704 seconds (JVM running for 13.116)
]]></system-out>
  <system-err><![CDATA[]]></system-err>
</testsuite>
