<?xml version="1.0" encoding="UTF-8"?>
<testsuite name="com.rpm.admin.web.HelloControllerTest" tests="2" skipped="0" failures="0" errors="0" timestamp="2022-03-12T05:26:57" hostname="rpmui-MacBookPro.local" time="0.29">
  <properties/>
  <testcase name="return_helloDto" classname="com.rpm.admin.web.HelloControllerTest" time="0.276"/>
  <testcase name="return_hello" classname="com.rpm.admin.web.HelloControllerTest" time="0.013"/>
  <system-out><![CDATA[2022-03-12 14:26:56.432  INFO 76357 --- [    Test worker] .b.t.a.w.s.WebMvcTestContextBootstrapper : Neither @ContextConfiguration nor @ContextHierarchy found for test class [com.rpm.admin.web.HelloControllerTest], using SpringBootContextLoader
2022-03-12 14:26:56.433  INFO 76357 --- [    Test worker] o.s.t.c.support.AbstractContextLoader    : Could not detect default resource locations for test class [com.rpm.admin.web.HelloControllerTest]: no resource found for suffixes {-context.xml, Context.groovy}.
2022-03-12 14:26:56.434  INFO 76357 --- [    Test worker] t.c.s.AnnotationConfigContextLoaderUtils : Could not detect default configuration classes for test class [com.rpm.admin.web.HelloControllerTest]: HelloControllerTest does not declare any static, non-private, non-final, nested classes annotated with @Configuration.
2022-03-12 14:26:56.472  INFO 76357 --- [    Test worker] .b.t.c.SpringBootTestContextBootstrapper : Found @SpringBootConfiguration com.rpm.admin.Application for test class com.rpm.admin.web.HelloControllerTest
2022-03-12 14:26:56.474  INFO 76357 --- [    Test worker] .b.t.a.w.s.WebMvcTestContextBootstrapper : Loaded default TestExecutionListener class names from location [META-INF/spring.factories]: [org.springframework.security.test.context.support.WithSecurityContextTestExecutionListener, org.springframework.security.test.context.support.ReactorContextTestExecutionListener, org.springframework.boot.test.autoconfigure.restdocs.RestDocsTestExecutionListener, org.springframework.boot.test.autoconfigure.web.client.MockRestServiceServerResetTestExecutionListener, org.springframework.boot.test.autoconfigure.web.servlet.MockMvcPrintOnlyOnFailureTestExecutionListener, org.springframework.boot.test.autoconfigure.web.servlet.WebDriverTestExecutionListener, org.springframework.boot.test.mock.mockito.MockitoTestExecutionListener, org.springframework.boot.test.mock.mockito.ResetMocksTestExecutionListener, org.springframework.test.context.web.ServletTestExecutionListener, org.springframework.test.context.support.DirtiesContextBeforeModesTestExecutionListener, org.springframework.test.context.support.DependencyInjectionTestExecutionListener, org.springframework.test.context.support.DirtiesContextTestExecutionListener, org.springframework.test.context.transaction.TransactionalTestExecutionListener, org.springframework.test.context.jdbc.SqlScriptsTestExecutionListener]
2022-03-12 14:26:56.475  INFO 76357 --- [    Test worker] .b.t.a.w.s.WebMvcTestContextBootstrapper : Using TestExecutionListeners: [org.springframework.test.context.web.ServletTestExecutionListener@27441b23, org.springframework.test.context.support.DirtiesContextBeforeModesTestExecutionListener@1fbd8c96, org.springframework.boot.test.mock.mockito.MockitoTestExecutionListener@37693494, org.springframework.boot.test.autoconfigure.SpringBootDependencyInjectionTestExecutionListener@6a685f8f, org.springframework.test.context.support.DirtiesContextTestExecutionListener@6df2dce2, org.springframework.test.context.transaction.TransactionalTestExecutionListener@1ed824f6, org.springframework.test.context.jdbc.SqlScriptsTestExecutionListener@60eb7e2d, org.springframework.security.test.context.support.WithSecurityContextTestExecutionListener@48d7d198, org.springframework.security.test.context.support.ReactorContextTestExecutionListener@33b901ac, org.springframework.boot.test.autoconfigure.restdocs.RestDocsTestExecutionListener@6c996cb9, org.springframework.boot.test.autoconfigure.web.client.MockRestServiceServerResetTestExecutionListener@57387d11, org.springframework.boot.test.autoconfigure.web.servlet.MockMvcPrintOnlyOnFailureTestExecutionListener@21953d7f, org.springframework.boot.test.autoconfigure.web.servlet.WebDriverTestExecutionListener@5adafc80, org.springframework.boot.test.mock.mockito.ResetMocksTestExecutionListener@7d01afc6]

  .   ____          _            __ _ _
 /\\ / ___'_ __ _ _(_)_ __  __ _ \ \ \ \
( ( )\___ | '_ | '_| | '_ \/ _` | \ \ \ \
 \\/  ___)| |_)| | | | | || (_| |  ) ) ) )
  '  |____| .__|_| |_|_| |_\__, | / / / /
 =========|_|==============|___/=/_/_/_/
 :: Spring Boot ::        (v2.1.7.RELEASE)

2022-03-12 14:26:56.585  INFO 76357 --- [    Test worker] com.rpm.admin.web.HelloControllerTest    : Starting HelloControllerTest on rpmui-MacBookPro.local with PID 76357 (started by mac in /Users/mac/springboot-project)
2022-03-12 14:26:56.591  INFO 76357 --- [    Test worker] com.rpm.admin.web.HelloControllerTest    : No active profile set, falling back to default profiles: default
2022-03-12 14:26:57.307  INFO 76357 --- [    Test worker] o.s.s.concurrent.ThreadPoolTaskExecutor  : Initializing ExecutorService 'applicationTaskExecutor'
2022-03-12 14:26:57.336  INFO 76357 --- [    Test worker] o.s.b.a.w.s.WelcomePageHandlerMapping    : Adding welcome page template: index
2022-03-12 14:26:57.559  INFO 76357 --- [    Test worker] .s.s.UserDetailsServiceAutoConfiguration : 

Using generated security password: 2471e406-4ed5-407e-b6f4-f30ce2e5786e

2022-03-12 14:26:57.782  INFO 76357 --- [    Test worker] o.s.s.web.DefaultSecurityFilterChain     : Creating filter chain: any request, [org.springframework.security.web.context.request.async.WebAsyncManagerIntegrationFilter@58395b43, org.springframework.security.web.context.SecurityContextPersistenceFilter@d7287cb, org.springframework.security.web.header.HeaderWriterFilter@d726876, org.springframework.security.web.csrf.CsrfFilter@294706fd, org.springframework.security.web.authentication.logout.LogoutFilter@789eed36, org.springframework.security.web.authentication.UsernamePasswordAuthenticationFilter@7e10f1ec, org.springframework.security.web.authentication.ui.DefaultLoginPageGeneratingFilter@d55cef, org.springframework.security.web.authentication.ui.DefaultLogoutPageGeneratingFilter@71c3c065, org.springframework.security.web.authentication.www.BasicAuthenticationFilter@36aac466, org.springframework.security.web.savedrequest.RequestCacheAwareFilter@1dd424f0, org.springframework.security.web.servletapi.SecurityContextHolderAwareRequestFilter@3fbcee4, org.springframework.security.web.authentication.AnonymousAuthenticationFilter@112aa3cf, org.springframework.security.web.session.SessionManagementFilter@1c13e7cb, org.springframework.security.web.access.ExceptionTranslationFilter@20560c11, org.springframework.security.web.access.intercept.FilterSecurityInterceptor@1b54c7ec]
2022-03-12 14:26:57.841  INFO 76357 --- [    Test worker] o.s.b.t.m.w.SpringBootMockServletContext : Initializing Spring TestDispatcherServlet ''
2022-03-12 14:26:57.841  INFO 76357 --- [    Test worker] o.s.t.web.servlet.TestDispatcherServlet  : Initializing Servlet ''
2022-03-12 14:26:57.865  INFO 76357 --- [    Test worker] o.s.t.web.servlet.TestDispatcherServlet  : Completed initialization in 24 ms
2022-03-12 14:26:57.938  INFO 76357 --- [    Test worker] com.rpm.admin.web.HelloControllerTest    : Started HelloControllerTest in 1.457 seconds (JVM running for 14.11)
]]></system-out>
  <system-err><![CDATA[]]></system-err>
</testsuite>
