<?xml version="1.0" encoding="UTF-8"?>
<testsuite name="com.rpm.admin.web.domain.posts.PostsRepositoryTest" tests="2" skipped="0" failures="0" errors="0" timestamp="2022-03-01T06:56:55" hostname="rpmui-MacBookPro.local" time="0.149">
  <properties/>
  <testcase name="게시글저장_불러오기" classname="com.rpm.admin.web.domain.posts.PostsRepositoryTest" time="0.138"/>
  <testcase name="BaseTimeEntity_등록" classname="com.rpm.admin.web.domain.posts.PostsRepositoryTest" time="0.01"/>
  <system-out><![CDATA[2022-03-01 15:56:53.985  INFO 60412 --- [    Test worker] .b.t.c.SpringBootTestContextBootstrapper : Neither @ContextConfiguration nor @ContextHierarchy found for test class [com.rpm.admin.web.domain.posts.PostsRepositoryTest], using SpringBootContextLoader
2022-03-01 15:56:53.986  INFO 60412 --- [    Test worker] o.s.t.c.support.AbstractContextLoader    : Could not detect default resource locations for test class [com.rpm.admin.web.domain.posts.PostsRepositoryTest]: no resource found for suffixes {-context.xml, Context.groovy}.
2022-03-01 15:56:53.986  INFO 60412 --- [    Test worker] t.c.s.AnnotationConfigContextLoaderUtils : Could not detect default configuration classes for test class [com.rpm.admin.web.domain.posts.PostsRepositoryTest]: PostsRepositoryTest does not declare any static, non-private, non-final, nested classes annotated with @Configuration.
2022-03-01 15:56:53.999  INFO 60412 --- [    Test worker] .b.t.c.SpringBootTestContextBootstrapper : Found @SpringBootConfiguration com.rpm.admin.Application for test class com.rpm.admin.web.domain.posts.PostsRepositoryTest
2022-03-01 15:56:54.000  INFO 60412 --- [    Test worker] .b.t.c.SpringBootTestContextBootstrapper : Loaded default TestExecutionListener class names from location [META-INF/spring.factories]: [org.springframework.security.test.context.support.WithSecurityContextTestExecutionListener, org.springframework.security.test.context.support.ReactorContextTestExecutionListener, org.springframework.boot.test.autoconfigure.restdocs.RestDocsTestExecutionListener, org.springframework.boot.test.autoconfigure.web.client.MockRestServiceServerResetTestExecutionListener, org.springframework.boot.test.autoconfigure.web.servlet.MockMvcPrintOnlyOnFailureTestExecutionListener, org.springframework.boot.test.autoconfigure.web.servlet.WebDriverTestExecutionListener, org.springframework.boot.test.mock.mockito.MockitoTestExecutionListener, org.springframework.boot.test.mock.mockito.ResetMocksTestExecutionListener, org.springframework.test.context.web.ServletTestExecutionListener, org.springframework.test.context.support.DirtiesContextBeforeModesTestExecutionListener, org.springframework.test.context.support.DependencyInjectionTestExecutionListener, org.springframework.test.context.support.DirtiesContextTestExecutionListener, org.springframework.test.context.transaction.TransactionalTestExecutionListener, org.springframework.test.context.jdbc.SqlScriptsTestExecutionListener]
2022-03-01 15:56:54.001  INFO 60412 --- [    Test worker] .b.t.c.SpringBootTestContextBootstrapper : Using TestExecutionListeners: [org.springframework.test.context.web.ServletTestExecutionListener@3fa9e1f4, org.springframework.test.context.support.DirtiesContextBeforeModesTestExecutionListener@6e0a39f2, org.springframework.boot.test.mock.mockito.MockitoTestExecutionListener@3aceb4fc, org.springframework.boot.test.autoconfigure.SpringBootDependencyInjectionTestExecutionListener@1753f49e, org.springframework.test.context.support.DirtiesContextTestExecutionListener@670501c1, org.springframework.test.context.transaction.TransactionalTestExecutionListener@587f617a, org.springframework.test.context.jdbc.SqlScriptsTestExecutionListener@175947dd, org.springframework.security.test.context.support.WithSecurityContextTestExecutionListener@1fa6a6ac, org.springframework.security.test.context.support.ReactorContextTestExecutionListener@50e2b790, org.springframework.boot.test.autoconfigure.restdocs.RestDocsTestExecutionListener@73b56847, org.springframework.boot.test.autoconfigure.web.client.MockRestServiceServerResetTestExecutionListener@2e8fbe43, org.springframework.boot.test.autoconfigure.web.servlet.MockMvcPrintOnlyOnFailureTestExecutionListener@4b6fef8, org.springframework.boot.test.autoconfigure.web.servlet.WebDriverTestExecutionListener@412d97c9, org.springframework.boot.test.mock.mockito.ResetMocksTestExecutionListener@198228fb]

  .   ____          _            __ _ _
 /\\ / ___'_ __ _ _(_)_ __  __ _ \ \ \ \
( ( )\___ | '_ | '_| | '_ \/ _` | \ \ \ \
 \\/  ___)| |_)| | | | | || (_| |  ) ) ) )
  '  |____| .__|_| |_|_| |_\__, | / / / /
 =========|_|==============|___/=/_/_/_/
 :: Spring Boot ::        (v2.1.7.RELEASE)

2022-03-01 15:56:54.029  INFO 60412 --- [    Test worker] c.r.a.w.d.posts.PostsRepositoryTest      : Starting PostsRepositoryTest on rpmui-MacBookPro.local with PID 60412 (started by mac in /Users/mac/springboot-project)
2022-03-01 15:56:54.030  INFO 60412 --- [    Test worker] c.r.a.w.d.posts.PostsRepositoryTest      : No active profile set, falling back to default profiles: default
2022-03-01 15:56:54.241  INFO 60412 --- [    Test worker] .s.d.r.c.RepositoryConfigurationDelegate : Bootstrapping Spring Data repositories in DEFAULT mode.
2022-03-01 15:56:54.256  INFO 60412 --- [    Test worker] .s.d.r.c.RepositoryConfigurationDelegate : Finished Spring Data repository scanning in 15ms. Found 2 repository interfaces.
2022-03-01 15:56:54.362  INFO 60412 --- [    Test worker] trationDelegate$BeanPostProcessorChecker : Bean 'org.springframework.transaction.annotation.ProxyTransactionManagementConfiguration' of type [org.springframework.transaction.annotation.ProxyTransactionManagementConfiguration$$EnhancerBySpringCGLIB$$21241d23] is not eligible for getting processed by all BeanPostProcessors (for example: not eligible for auto-proxying)
2022-03-01 15:56:54.436  INFO 60412 --- [    Test worker] com.zaxxer.hikari.HikariDataSource       : HikariPool-2 - Starting...
2022-03-01 15:56:54.437  INFO 60412 --- [    Test worker] com.zaxxer.hikari.HikariDataSource       : HikariPool-2 - Start completed.
2022-03-01 15:56:54.465  INFO 60412 --- [    Test worker] o.hibernate.jpa.internal.util.LogHelper  : HHH000204: Processing PersistenceUnitInfo [
	name: default
	...]
2022-03-01 15:56:54.471  INFO 60412 --- [    Test worker] org.hibernate.dialect.Dialect            : HHH000400: Using dialect: org.hibernate.dialect.MySQL5InnoDBDialect
Hibernate: drop table if exists posts
Hibernate: drop table if exists user
Hibernate: create table posts (id bigint not null auto_increment, create_date datetime, modified_date datetime, author varchar(255), content TEXT not null, title varchar(500) not null, primary key (id)) engine=InnoDB
Hibernate: create table user (id bigint not null auto_increment, create_date datetime, modified_date datetime, email varchar(255) not null, name varchar(255) not null, picture varchar(255), role varchar(255) not null, primary key (id)) engine=InnoDB
2022-03-01 15:56:54.522  INFO 60412 --- [    Test worker] o.h.t.schema.internal.SchemaCreatorImpl  : HHH000476: Executing import script 'org.hibernate.tool.schema.internal.exec.ScriptSourceInputNonExistentImpl@46542c44'
2022-03-01 15:56:54.522  INFO 60412 --- [    Test worker] j.LocalContainerEntityManagerFactoryBean : Initialized JPA EntityManagerFactory for persistence unit 'default'
2022-03-01 15:56:54.721  INFO 60412 --- [    Test worker] o.h.h.i.QueryTranslatorFactoryInitiator  : HHH000397: Using ASTQueryTranslatorFactory
2022-03-01 15:56:54.890  INFO 60412 --- [    Test worker] o.s.s.web.DefaultSecurityFilterChain     : Creating filter chain: any request, [org.springframework.security.web.context.request.async.WebAsyncManagerIntegrationFilter@512ded62, org.springframework.security.web.context.SecurityContextPersistenceFilter@601676ca, org.springframework.security.web.header.HeaderWriterFilter@528137a7, org.springframework.security.web.authentication.logout.LogoutFilter@568fa7dc, org.springframework.security.oauth2.client.web.OAuth2AuthorizationRequestRedirectFilter@1c4cfafa, org.springframework.security.oauth2.client.web.OAuth2LoginAuthenticationFilter@3b3636ac, org.springframework.security.web.authentication.ui.DefaultLoginPageGeneratingFilter@57c219f, org.springframework.security.web.authentication.ui.DefaultLogoutPageGeneratingFilter@37fc69ba, org.springframework.security.web.savedrequest.RequestCacheAwareFilter@521698fc, org.springframework.security.web.servletapi.SecurityContextHolderAwareRequestFilter@9f1b116, org.springframework.security.web.authentication.AnonymousAuthenticationFilter@4c1cce95, org.springframework.security.web.session.SessionManagementFilter@2dc428a7, org.springframework.security.web.access.ExceptionTranslationFilter@193560f4, org.springframework.security.web.access.intercept.FilterSecurityInterceptor@2af989d4]
2022-03-01 15:56:55.132  INFO 60412 --- [    Test worker] o.s.s.concurrent.ThreadPoolTaskExecutor  : Initializing ExecutorService 'applicationTaskExecutor'
2022-03-01 15:56:55.146  WARN 60412 --- [    Test worker] aWebConfiguration$JpaWebMvcConfiguration : spring.jpa.open-in-view is enabled by default. Therefore, database queries may be performed during view rendering. Explicitly configure spring.jpa.open-in-view to disable this warning
2022-03-01 15:56:55.168  INFO 60412 --- [    Test worker] o.s.b.a.w.s.WelcomePageHandlerMapping    : Adding welcome page template: index
2022-03-01 15:56:55.469  INFO 60412 --- [    Test worker] s.a.ScheduledAnnotationBeanPostProcessor : No TaskScheduler/ScheduledExecutorService bean found for scheduled processing
2022-03-01 15:56:55.470  INFO 60412 --- [    Test worker] c.r.a.w.d.posts.PostsRepositoryTest      : Started PostsRepositoryTest in 1.468 seconds (JVM running for 11.019)
Hibernate: insert into posts (create_date, modified_date, author, content, title) values (?, ?, ?, ?, ?)
Hibernate: select posts0_.id as id1_0_, posts0_.create_date as create_d2_0_, posts0_.modified_date as modified3_0_, posts0_.author as author4_0_, posts0_.content as content5_0_, posts0_.title as title6_0_ from posts posts0_
Hibernate: select posts0_.id as id1_0_, posts0_.create_date as create_d2_0_, posts0_.modified_date as modified3_0_, posts0_.author as author4_0_, posts0_.content as content5_0_, posts0_.title as title6_0_ from posts posts0_
Hibernate: delete from posts where id=?
Hibernate: insert into posts (create_date, modified_date, author, content, title) values (?, ?, ?, ?, ?)
Hibernate: select posts0_.id as id1_0_, posts0_.create_date as create_d2_0_, posts0_.modified_date as modified3_0_, posts0_.author as author4_0_, posts0_.content as content5_0_, posts0_.title as title6_0_ from posts posts0_
>>>>>>>> createDate=2022-03-01T15:56:55.615, modifiedDate=2022-03-01T15:56:55.615
Hibernate: select posts0_.id as id1_0_, posts0_.create_date as create_d2_0_, posts0_.modified_date as modified3_0_, posts0_.author as author4_0_, posts0_.content as content5_0_, posts0_.title as title6_0_ from posts posts0_
Hibernate: delete from posts where id=?
]]></system-out>
  <system-err><![CDATA[]]></system-err>
</testsuite>
