<?xml version="1.0" encoding="UTF-8"?>
<testsuite name="com.rpm.admin.web.domain.posts.PostsRepositoryTest" tests="2" skipped="0" failures="0" errors="0" timestamp="2022-03-12T05:26:56" hostname="rpmui-MacBookPro.local" time="0.269">
  <properties/>
  <testcase name="게시글저장_불러오기" classname="com.rpm.admin.web.domain.posts.PostsRepositoryTest" time="0.257"/>
  <testcase name="BaseTimeEntity_등록" classname="com.rpm.admin.web.domain.posts.PostsRepositoryTest" time="0.012"/>
  <system-out><![CDATA[14:26:45.806 [Test worker] DEBUG org.springframework.test.context.junit4.SpringJUnit4ClassRunner - SpringJUnit4ClassRunner constructor called with [class com.rpm.admin.web.domain.posts.PostsRepositoryTest]
14:26:45.832 [Test worker] DEBUG org.springframework.test.context.BootstrapUtils - Instantiating CacheAwareContextLoaderDelegate from class [org.springframework.test.context.cache.DefaultCacheAwareContextLoaderDelegate]
14:26:45.872 [Test worker] DEBUG org.springframework.test.context.BootstrapUtils - Instantiating BootstrapContext using constructor [public org.springframework.test.context.support.DefaultBootstrapContext(java.lang.Class,org.springframework.test.context.CacheAwareContextLoaderDelegate)]
14:26:45.907 [Test worker] DEBUG org.springframework.test.context.BootstrapUtils - Instantiating TestContextBootstrapper for test class [com.rpm.admin.web.domain.posts.PostsRepositoryTest] from class [org.springframework.boot.test.context.SpringBootTestContextBootstrapper]
14:26:45.931 [Test worker] INFO org.springframework.boot.test.context.SpringBootTestContextBootstrapper - Neither @ContextConfiguration nor @ContextHierarchy found for test class [com.rpm.admin.web.domain.posts.PostsRepositoryTest], using SpringBootContextLoader
14:26:45.938 [Test worker] DEBUG org.springframework.test.context.support.AbstractContextLoader - Did not detect default resource location for test class [com.rpm.admin.web.domain.posts.PostsRepositoryTest]: class path resource [com/rpm/admin/web/domain/posts/PostsRepositoryTest-context.xml] does not exist
14:26:45.938 [Test worker] DEBUG org.springframework.test.context.support.AbstractContextLoader - Did not detect default resource location for test class [com.rpm.admin.web.domain.posts.PostsRepositoryTest]: class path resource [com/rpm/admin/web/domain/posts/PostsRepositoryTestContext.groovy] does not exist
14:26:45.939 [Test worker] INFO org.springframework.test.context.support.AbstractContextLoader - Could not detect default resource locations for test class [com.rpm.admin.web.domain.posts.PostsRepositoryTest]: no resource found for suffixes {-context.xml, Context.groovy}.
14:26:45.941 [Test worker] INFO org.springframework.test.context.support.AnnotationConfigContextLoaderUtils - Could not detect default configuration classes for test class [com.rpm.admin.web.domain.posts.PostsRepositoryTest]: PostsRepositoryTest does not declare any static, non-private, non-final, nested classes annotated with @Configuration.
14:26:46.050 [Test worker] DEBUG org.springframework.test.context.support.ActiveProfilesUtils - Could not find an 'annotation declaring class' for annotation type [org.springframework.test.context.ActiveProfiles] and class [com.rpm.admin.web.domain.posts.PostsRepositoryTest]
14:26:46.285 [Test worker] DEBUG org.springframework.context.annotation.ClassPathScanningCandidateComponentProvider - Identified candidate component class: file [/Users/mac/springboot-project/build/classes/java/main/com/rpm/admin/Application.class]
14:26:46.289 [Test worker] INFO org.springframework.boot.test.context.SpringBootTestContextBootstrapper - Found @SpringBootConfiguration com.rpm.admin.Application for test class com.rpm.admin.web.domain.posts.PostsRepositoryTest
14:26:46.527 [Test worker] DEBUG org.springframework.boot.test.context.SpringBootTestContextBootstrapper - @TestExecutionListeners is not present for class [com.rpm.admin.web.domain.posts.PostsRepositoryTest]: using defaults.
14:26:46.531 [Test worker] INFO org.springframework.boot.test.context.SpringBootTestContextBootstrapper - Loaded default TestExecutionListener class names from location [META-INF/spring.factories]: [org.springframework.security.test.context.support.WithSecurityContextTestExecutionListener, org.springframework.security.test.context.support.ReactorContextTestExecutionListener, org.springframework.boot.test.autoconfigure.restdocs.RestDocsTestExecutionListener, org.springframework.boot.test.autoconfigure.web.client.MockRestServiceServerResetTestExecutionListener, org.springframework.boot.test.autoconfigure.web.servlet.MockMvcPrintOnlyOnFailureTestExecutionListener, org.springframework.boot.test.autoconfigure.web.servlet.WebDriverTestExecutionListener, org.springframework.boot.test.mock.mockito.MockitoTestExecutionListener, org.springframework.boot.test.mock.mockito.ResetMocksTestExecutionListener, org.springframework.test.context.web.ServletTestExecutionListener, org.springframework.test.context.support.DirtiesContextBeforeModesTestExecutionListener, org.springframework.test.context.support.DependencyInjectionTestExecutionListener, org.springframework.test.context.support.DirtiesContextTestExecutionListener, org.springframework.test.context.transaction.TransactionalTestExecutionListener, org.springframework.test.context.jdbc.SqlScriptsTestExecutionListener]
14:26:46.596 [Test worker] INFO org.springframework.boot.test.context.SpringBootTestContextBootstrapper - Using TestExecutionListeners: [org.springframework.test.context.web.ServletTestExecutionListener@72498704, org.springframework.test.context.support.DirtiesContextBeforeModesTestExecutionListener@420e9ba9, org.springframework.boot.test.mock.mockito.MockitoTestExecutionListener@5f7c2814, org.springframework.boot.test.autoconfigure.SpringBootDependencyInjectionTestExecutionListener@6311f751, org.springframework.test.context.support.DirtiesContextTestExecutionListener@5d5e3d90, org.springframework.test.context.transaction.TransactionalTestExecutionListener@6b3b2641, org.springframework.test.context.jdbc.SqlScriptsTestExecutionListener@55b99fba, org.springframework.security.test.context.support.WithSecurityContextTestExecutionListener@397e5123, org.springframework.security.test.context.support.ReactorContextTestExecutionListener@15e04921, org.springframework.boot.test.autoconfigure.restdocs.RestDocsTestExecutionListener@275b7cf2, org.springframework.boot.test.autoconfigure.web.client.MockRestServiceServerResetTestExecutionListener@3e0673ec, org.springframework.boot.test.autoconfigure.web.servlet.MockMvcPrintOnlyOnFailureTestExecutionListener@75baca46, org.springframework.boot.test.autoconfigure.web.servlet.WebDriverTestExecutionListener@62842c91, org.springframework.boot.test.mock.mockito.ResetMocksTestExecutionListener@1ec460df]
14:26:46.599 [Test worker] DEBUG org.springframework.test.annotation.ProfileValueUtils - Retrieved @ProfileValueSourceConfiguration [null] for test class [com.rpm.admin.web.domain.posts.PostsRepositoryTest]
14:26:46.599 [Test worker] DEBUG org.springframework.test.annotation.ProfileValueUtils - Retrieved ProfileValueSource type [class org.springframework.test.annotation.SystemProfileValueSource] for class [com.rpm.admin.web.domain.posts.PostsRepositoryTest]
14:26:46.600 [Test worker] DEBUG org.springframework.test.annotation.ProfileValueUtils - Retrieved @ProfileValueSourceConfiguration [null] for test class [com.rpm.admin.web.domain.posts.PostsRepositoryTest]
14:26:46.600 [Test worker] DEBUG org.springframework.test.annotation.ProfileValueUtils - Retrieved ProfileValueSource type [class org.springframework.test.annotation.SystemProfileValueSource] for class [com.rpm.admin.web.domain.posts.PostsRepositoryTest]
14:26:46.604 [Test worker] DEBUG org.springframework.test.context.support.AbstractDirtiesContextTestExecutionListener - Before test class: context [DefaultTestContext@79b05263 testClass = PostsRepositoryTest, testInstance = [null], testMethod = [null], testException = [null], mergedContextConfiguration = [WebMergedContextConfiguration@397735c2 testClass = PostsRepositoryTest, locations = '{}', classes = '{class com.rpm.admin.Application}', contextInitializerClasses = '[]', activeProfiles = '{}', propertySourceLocations = '{}', propertySourceProperties = '{org.springframework.boot.test.context.SpringBootTestContextBootstrapper=true}', contextCustomizers = set[org.springframework.boot.test.autoconfigure.properties.PropertyMappingContextCustomizer@0, org.springframework.boot.test.autoconfigure.web.servlet.WebDriverContextCustomizerFactory$Customizer@48c7948f, org.springframework.boot.test.context.filter.ExcludeFilterContextCustomizer@2b6ee65c, org.springframework.boot.test.json.DuplicateJsonObjectContextCustomizerFactory$DuplicateJsonObjectContextCustomizer@6ca30582, org.springframework.boot.test.mock.mockito.MockitoContextCustomizer@0, org.springframework.boot.test.web.client.TestRestTemplateContextCustomizer@348c4018], resourceBasePath = 'src/main/webapp', contextLoader = 'org.springframework.boot.test.context.SpringBootContextLoader', parent = [null]], attributes = map['org.springframework.test.context.web.ServletTestExecutionListener.activateListener' -> true]], class annotated with @DirtiesContext [false] with mode [null].
14:26:46.605 [Test worker] DEBUG org.springframework.test.annotation.ProfileValueUtils - Retrieved @ProfileValueSourceConfiguration [null] for test class [com.rpm.admin.web.domain.posts.PostsRepositoryTest]
14:26:46.605 [Test worker] DEBUG org.springframework.test.annotation.ProfileValueUtils - Retrieved ProfileValueSource type [class org.springframework.test.annotation.SystemProfileValueSource] for class [com.rpm.admin.web.domain.posts.PostsRepositoryTest]
14:26:46.634 [Test worker] DEBUG org.springframework.test.context.support.TestPropertySourceUtils - Adding inlined properties to environment: {spring.jmx.enabled=false, org.springframework.boot.test.context.SpringBootTestContextBootstrapper=true, server.port=-1}

  .   ____          _            __ _ _
 /\\ / ___'_ __ _ _(_)_ __  __ _ \ \ \ \
( ( )\___ | '_ | '_| | '_ \/ _` | \ \ \ \
 \\/  ___)| |_)| | | | | || (_| |  ) ) ) )
  '  |____| .__|_| |_|_| |_\__, | / / / /
 =========|_|==============|___/=/_/_/_/
 :: Spring Boot ::        (v2.1.7.RELEASE)

2022-03-12 14:26:47.387  INFO 76357 --- [    Test worker] c.r.a.w.d.posts.PostsRepositoryTest      : Starting PostsRepositoryTest on rpmui-MacBookPro.local with PID 76357 (started by mac in /Users/mac/springboot-project)
2022-03-12 14:26:47.393  INFO 76357 --- [    Test worker] c.r.a.w.d.posts.PostsRepositoryTest      : No active profile set, falling back to default profiles: default
2022-03-12 14:26:49.445  INFO 76357 --- [    Test worker] .s.d.r.c.RepositoryConfigurationDelegate : Bootstrapping Spring Data repositories in DEFAULT mode.
2022-03-12 14:26:49.563  INFO 76357 --- [    Test worker] .s.d.r.c.RepositoryConfigurationDelegate : Finished Spring Data repository scanning in 102ms. Found 2 repository interfaces.
2022-03-12 14:26:50.461  INFO 76357 --- [    Test worker] trationDelegate$BeanPostProcessorChecker : Bean 'org.springframework.transaction.annotation.ProxyTransactionManagementConfiguration' of type [org.springframework.transaction.annotation.ProxyTransactionManagementConfiguration$$EnhancerBySpringCGLIB$$67b89be2] is not eligible for getting processed by all BeanPostProcessors (for example: not eligible for auto-proxying)
2022-03-12 14:26:50.764  INFO 76357 --- [    Test worker] com.zaxxer.hikari.HikariDataSource       : HikariPool-1 - Starting...
2022-03-12 14:26:51.052  INFO 76357 --- [    Test worker] com.zaxxer.hikari.HikariDataSource       : HikariPool-1 - Start completed.
2022-03-12 14:26:51.259  INFO 76357 --- [    Test worker] o.hibernate.jpa.internal.util.LogHelper  : HHH000204: Processing PersistenceUnitInfo [
	name: default
	...]
2022-03-12 14:26:51.381  INFO 76357 --- [    Test worker] org.hibernate.Version                    : HHH000412: Hibernate Core {5.3.10.Final}
2022-03-12 14:26:51.382  INFO 76357 --- [    Test worker] org.hibernate.cfg.Environment            : HHH000206: hibernate.properties not found
2022-03-12 14:26:51.635  INFO 76357 --- [    Test worker] o.hibernate.annotations.common.Version   : HCANN000001: Hibernate Commons Annotations {5.0.4.Final}
2022-03-12 14:26:51.854  INFO 76357 --- [    Test worker] org.hibernate.dialect.Dialect            : HHH000400: Using dialect: org.hibernate.dialect.MySQL5InnoDBDialect
Hibernate: drop table if exists posts
Hibernate: drop table if exists user
Hibernate: create table posts (id bigint not null auto_increment, create_date datetime, modified_date datetime, author varchar(255), content TEXT not null, title varchar(500) not null, primary key (id)) engine=InnoDB
Hibernate: create table user (id bigint not null auto_increment, create_date datetime, modified_date datetime, email varchar(255) not null, name varchar(255) not null, picture varchar(255), role varchar(255) not null, primary key (id)) engine=InnoDB
2022-03-12 14:26:52.918  INFO 76357 --- [    Test worker] o.h.t.schema.internal.SchemaCreatorImpl  : HHH000476: Executing import script 'org.hibernate.tool.schema.internal.exec.ScriptSourceInputNonExistentImpl@1c360d56'
2022-03-12 14:26:52.924  INFO 76357 --- [    Test worker] j.LocalContainerEntityManagerFactoryBean : Initialized JPA EntityManagerFactory for persistence unit 'default'
2022-03-12 14:26:53.714  INFO 76357 --- [    Test worker] o.h.h.i.QueryTranslatorFactoryInitiator  : HHH000397: Using ASTQueryTranslatorFactory
2022-03-12 14:26:54.506  INFO 76357 --- [    Test worker] o.s.s.web.DefaultSecurityFilterChain     : Creating filter chain: any request, [org.springframework.security.web.context.request.async.WebAsyncManagerIntegrationFilter@72781a39, org.springframework.security.web.context.SecurityContextPersistenceFilter@22e4bbbc, org.springframework.security.web.header.HeaderWriterFilter@5ef856cf, org.springframework.security.web.authentication.logout.LogoutFilter@4e0077fe, org.springframework.security.oauth2.client.web.OAuth2AuthorizationRequestRedirectFilter@6af6c367, org.springframework.security.oauth2.client.web.OAuth2LoginAuthenticationFilter@2996e807, org.springframework.security.web.authentication.ui.DefaultLoginPageGeneratingFilter@15f5ebd1, org.springframework.security.web.authentication.ui.DefaultLogoutPageGeneratingFilter@582a133e, org.springframework.security.web.savedrequest.RequestCacheAwareFilter@fe0784, org.springframework.security.web.servletapi.SecurityContextHolderAwareRequestFilter@131dd2f6, org.springframework.security.web.authentication.AnonymousAuthenticationFilter@289efd12, org.springframework.security.web.session.SessionManagementFilter@13d1f181, org.springframework.security.web.access.ExceptionTranslationFilter@4af31485, org.springframework.security.web.access.intercept.FilterSecurityInterceptor@587e03fc]
2022-03-12 14:26:55.136  INFO 76357 --- [    Test worker] o.s.s.concurrent.ThreadPoolTaskExecutor  : Initializing ExecutorService 'applicationTaskExecutor'
2022-03-12 14:26:55.201  WARN 76357 --- [    Test worker] aWebConfiguration$JpaWebMvcConfiguration : spring.jpa.open-in-view is enabled by default. Therefore, database queries may be performed during view rendering. Explicitly configure spring.jpa.open-in-view to disable this warning
2022-03-12 14:26:55.277  INFO 76357 --- [    Test worker] o.s.b.a.w.s.WelcomePageHandlerMapping    : Adding welcome page template: index
2022-03-12 14:26:56.122  INFO 76357 --- [    Test worker] s.a.ScheduledAnnotationBeanPostProcessor : No TaskScheduler/ScheduledExecutorService bean found for scheduled processing
2022-03-12 14:26:56.133  INFO 76357 --- [    Test worker] c.r.a.w.d.posts.PostsRepositoryTest      : Started PostsRepositoryTest in 9.486 seconds (JVM running for 12.306)
Hibernate: insert into posts (create_date, modified_date, author, content, title) values (?, ?, ?, ?, ?)
Hibernate: select posts0_.id as id1_0_, posts0_.create_date as create_d2_0_, posts0_.modified_date as modified3_0_, posts0_.author as author4_0_, posts0_.content as content5_0_, posts0_.title as title6_0_ from posts posts0_
Hibernate: select posts0_.id as id1_0_, posts0_.create_date as create_d2_0_, posts0_.modified_date as modified3_0_, posts0_.author as author4_0_, posts0_.content as content5_0_, posts0_.title as title6_0_ from posts posts0_
Hibernate: delete from posts where id=?
Hibernate: insert into posts (create_date, modified_date, author, content, title) values (?, ?, ?, ?, ?)
Hibernate: select posts0_.id as id1_0_, posts0_.create_date as create_d2_0_, posts0_.modified_date as modified3_0_, posts0_.author as author4_0_, posts0_.content as content5_0_, posts0_.title as title6_0_ from posts posts0_
>>>>>>>> createDate=2022-03-12T14:26:56.413, modifiedDate=2022-03-12T14:26:56.413
Hibernate: select posts0_.id as id1_0_, posts0_.create_date as create_d2_0_, posts0_.modified_date as modified3_0_, posts0_.author as author4_0_, posts0_.content as content5_0_, posts0_.title as title6_0_ from posts posts0_
Hibernate: delete from posts where id=?
]]></system-out>
  <system-err><![CDATA[]]></system-err>
</testsuite>
