<?xml version="1.0" encoding="UTF-8"?>
<testsuite name="com.rpm.admin.web.PostsApiControllerTest" tests="2" skipped="0" failures="0" errors="0" timestamp="2022-03-12T05:27:01" hostname="rpmui-MacBookPro.local" time="0.167">
  <properties/>
  <testcase name="Posts_등록된다" classname="com.rpm.admin.web.PostsApiControllerTest" time="0.108"/>
  <testcase name="Posts_수정된다" classname="com.rpm.admin.web.PostsApiControllerTest" time="0.056"/>
  <system-out><![CDATA[2022-03-12 14:27:01.440  INFO 76357 --- [    Test worker] .b.t.c.SpringBootTestContextBootstrapper : Neither @ContextConfiguration nor @ContextHierarchy found for test class [com.rpm.admin.web.PostsApiControllerTest], using SpringBootContextLoader
2022-03-12 14:27:01.440  INFO 76357 --- [    Test worker] o.s.t.c.support.AbstractContextLoader    : Could not detect default resource locations for test class [com.rpm.admin.web.PostsApiControllerTest]: no resource found for suffixes {-context.xml, Context.groovy}.
2022-03-12 14:27:01.441  INFO 76357 --- [    Test worker] t.c.s.AnnotationConfigContextLoaderUtils : Could not detect default configuration classes for test class [com.rpm.admin.web.PostsApiControllerTest]: PostsApiControllerTest does not declare any static, non-private, non-final, nested classes annotated with @Configuration.
2022-03-12 14:27:01.442  INFO 76357 --- [    Test worker] .b.t.c.SpringBootTestContextBootstrapper : Found @SpringBootConfiguration com.rpm.admin.Application for test class com.rpm.admin.web.PostsApiControllerTest
2022-03-12 14:27:01.444  INFO 76357 --- [    Test worker] .b.t.c.SpringBootTestContextBootstrapper : Loaded default TestExecutionListener class names from location [META-INF/spring.factories]: [org.springframework.security.test.context.support.WithSecurityContextTestExecutionListener, org.springframework.security.test.context.support.ReactorContextTestExecutionListener, org.springframework.boot.test.autoconfigure.restdocs.RestDocsTestExecutionListener, org.springframework.boot.test.autoconfigure.web.client.MockRestServiceServerResetTestExecutionListener, org.springframework.boot.test.autoconfigure.web.servlet.MockMvcPrintOnlyOnFailureTestExecutionListener, org.springframework.boot.test.autoconfigure.web.servlet.WebDriverTestExecutionListener, org.springframework.boot.test.mock.mockito.MockitoTestExecutionListener, org.springframework.boot.test.mock.mockito.ResetMocksTestExecutionListener, org.springframework.test.context.web.ServletTestExecutionListener, org.springframework.test.context.support.DirtiesContextBeforeModesTestExecutionListener, org.springframework.test.context.support.DependencyInjectionTestExecutionListener, org.springframework.test.context.support.DirtiesContextTestExecutionListener, org.springframework.test.context.transaction.TransactionalTestExecutionListener, org.springframework.test.context.jdbc.SqlScriptsTestExecutionListener]
2022-03-12 14:27:01.445  INFO 76357 --- [    Test worker] .b.t.c.SpringBootTestContextBootstrapper : Using TestExecutionListeners: [org.springframework.test.context.web.ServletTestExecutionListener@2708966b, org.springframework.test.context.support.DirtiesContextBeforeModesTestExecutionListener@73478ff2, org.springframework.boot.test.mock.mockito.MockitoTestExecutionListener@148f301c, org.springframework.boot.test.autoconfigure.SpringBootDependencyInjectionTestExecutionListener@45ee0960, org.springframework.test.context.support.DirtiesContextTestExecutionListener@26366478, org.springframework.test.context.transaction.TransactionalTestExecutionListener@69415753, org.springframework.test.context.jdbc.SqlScriptsTestExecutionListener@42395b7, org.springframework.security.test.context.support.WithSecurityContextTestExecutionListener@3133295a, org.springframework.security.test.context.support.ReactorContextTestExecutionListener@24339ea0, org.springframework.boot.test.autoconfigure.restdocs.RestDocsTestExecutionListener@472baeba, org.springframework.boot.test.autoconfigure.web.client.MockRestServiceServerResetTestExecutionListener@5f3d15c5, org.springframework.boot.test.autoconfigure.web.servlet.MockMvcPrintOnlyOnFailureTestExecutionListener@77ec9e81, org.springframework.boot.test.autoconfigure.web.servlet.WebDriverTestExecutionListener@4f92d842, org.springframework.boot.test.mock.mockito.ResetMocksTestExecutionListener@5556f174]
2022-03-12 14:27:01.474  INFO 76357 --- [    Test worker] o.a.c.c.C.[Tomcat].[localhost].[/]       : Initializing Spring TestDispatcherServlet ''
2022-03-12 14:27:01.474  INFO 76357 --- [    Test worker] o.s.t.web.servlet.TestDispatcherServlet  : Initializing Servlet ''
2022-03-12 14:27:01.477  INFO 76357 --- [    Test worker] o.s.t.web.servlet.TestDispatcherServlet  : Completed initialization in 3 ms
Hibernate: insert into posts (create_date, modified_date, author, content, title) values (?, ?, ?, ?, ?)
Hibernate: select posts0_.id as id1_0_, posts0_.create_date as create_d2_0_, posts0_.modified_date as modified3_0_, posts0_.author as author4_0_, posts0_.content as content5_0_, posts0_.title as title6_0_ from posts posts0_
Hibernate: select posts0_.id as id1_0_, posts0_.create_date as create_d2_0_, posts0_.modified_date as modified3_0_, posts0_.author as author4_0_, posts0_.content as content5_0_, posts0_.title as title6_0_ from posts posts0_
Hibernate: delete from posts where id=?
2022-03-12 14:27:01.578  INFO 76357 --- [    Test worker] o.a.c.c.C.[Tomcat].[localhost].[/]       : Initializing Spring TestDispatcherServlet ''
2022-03-12 14:27:01.578  INFO 76357 --- [    Test worker] o.s.t.web.servlet.TestDispatcherServlet  : Initializing Servlet ''
2022-03-12 14:27:01.583  INFO 76357 --- [    Test worker] o.s.t.web.servlet.TestDispatcherServlet  : Completed initialization in 5 ms
Hibernate: insert into posts (create_date, modified_date, author, content, title) values (?, ?, ?, ?, ?)
Hibernate: select posts0_.id as id1_0_0_, posts0_.create_date as create_d2_0_0_, posts0_.modified_date as modified3_0_0_, posts0_.author as author4_0_0_, posts0_.content as content5_0_0_, posts0_.title as title6_0_0_ from posts posts0_ where posts0_.id=?
Hibernate: update posts set create_date=?, modified_date=?, author=?, content=?, title=? where id=?
Hibernate: select posts0_.id as id1_0_, posts0_.create_date as create_d2_0_, posts0_.modified_date as modified3_0_, posts0_.author as author4_0_, posts0_.content as content5_0_, posts0_.title as title6_0_ from posts posts0_
Hibernate: select posts0_.id as id1_0_, posts0_.create_date as create_d2_0_, posts0_.modified_date as modified3_0_, posts0_.author as author4_0_, posts0_.content as content5_0_, posts0_.title as title6_0_ from posts posts0_
Hibernate: delete from posts where id=?
]]></system-out>
  <system-err><![CDATA[]]></system-err>
</testsuite>
