<?xml version="1.0" encoding="UTF-8"?>
<testsuite name="com.rpm.admin.web.dto.HelloResponseDtoTest" tests="1" skipped="0" failures="0" errors="0" timestamp="2022-02-23T05:49:43" hostname="rpmui-MacBookPro.local" time="0.003">
  <properties/>
  <testcase name="test_lombok_operation" classname="com.rpm.admin.web.dto.HelloResponseDtoTest" time="0.003"/>
  <system-out><![CDATA[]]></system-out>
  <system-err><![CDATA[]]></system-err>
</testsuite>
